<?xml version="1.0" encoding="UTF-8"?>
<testsuite xmlns:xsi="http://www.w3.org/2001/XMLSchema-instance" xsi:noNamespaceSchemaLocation="https://maven.apache.org/surefire/maven-surefire-plugin/xsd/surefire-test-report-3.0.xsd" version="3.0" name="org.acme.OneLoginResourceTest" time="4.027" tests="3" errors="0" skipped="0" failures="0">
  <properties>
[...]
</properties>
  <testcase name="testGetEventEndpoint_whenNoTokenIsPassed_returnsTokenMissingError" classname="org.acme.OneLoginResourceTest" time="0.844">
    <system-out><![CDATA[2023-12-29 17:56:53,563 INFO  [io.quarkus] (main) one-login-mock 1.0.0-SNAPSHOT on JVM (powered by Quarkus 2.13.9.Final) started in 2.423s. Listening on: http://0.0.0.0:8081
2023-12-29 17:56:53,567 INFO  [io.quarkus] (main) Profile test activated. 
2023-12-29 17:56:53,567 INFO  [io.quarkus] (main) Installed features: [cdi, resteasy, resteasy-jackson, resteasy-jsonb, smallrye-context-propagation, vertx]
2023-12-29 17:56:54,352 DEBUG [org.acm.res.OneLoginResource] (executor-thread-0) Header: null
]]></system-out>
  </testcase>
  <testcase name="testGetEventEndpoint_whenAnInvalidValidTokenIsPassed_returnsInvalidTokenError" classname="org.acme.OneLoginResourceTest" time="0.015">
    <system-out><![CDATA[2023-12-29 17:56:54,435 DEBUG [org.acm.res.OneLoginResource] (executor-thread-0) Header: Bearer abc
]]></system-out>
  </testcase>
  <testcase name="testGetEventEndpoint_whenAValidTokenIsPassed_returnsMockResponse" classname="org.acme.OneLoginResourceTest" time="0.317">
    <system-out><![CDATA[2023-12-29 17:56:54,450 DEBUG [org.acm.res.OneLoginResource] (executor-thread-0) Header: Bearer onelogin-token
]]></system-out>
  </testcase>
</testsuite>