<?xml version="1.0" encoding="UTF-8"?>
<testsuite xmlns:xsi="http://www.w3.org/2001/XMLSchema-instance" xsi:noNamespaceSchemaLocation="https://maven.apache.org/surefire/maven-surefire-plugin/xsd/surefire-test-report-3.0.xsd" version="3.0" name="org.acme.OneLoginResourceTest" time="6.718" tests="3" errors="0" skipped="0" failures="0">
  <properties>
[...]
</properties>
  <testcase name="testGetEventEndpoint_whenNoTokenIsPassed_returnsTokenMissingError" classname="org.acme.OneLoginResourceTest" time="1.16">
    <system-out><![CDATA[2024-06-09 11:48:57,637 WARN  [io.qua.run.uti.ContainerRuntimeUtil] (main) Command "docker" exited with error code 1. Rootless container runtime detection might not be reliable.
2024-06-09 11:48:59,646 INFO  [io.quarkus] (main) one-login-mock 1.0.0-SNAPSHOT on JVM (powered by Quarkus 2.13.9.Final) started in 3.343s. Listening on: http://0.0.0.0:8081
2024-06-09 11:48:59,646 INFO  [io.quarkus] (main) Profile test activated. 
2024-06-09 11:48:59,646 INFO  [io.quarkus] (main) Installed features: [cdi, jacoco, resteasy, resteasy-jackson, resteasy-jsonb, smallrye-context-propagation, vertx]
2024-06-09 11:49:00,741 DEBUG [org.acm.res.OneLoginResource] (executor-thread-0) Header: null
]]></system-out>
  </testcase>
  <testcase name="testGetEventEndpoint_whenAnInvalidValidTokenIsPassed_returnsInvalidTokenError" classname="org.acme.OneLoginResourceTest" time="0.036">
    <system-out><![CDATA[2024-06-09 11:49:00,857 DEBUG [org.acm.res.OneLoginResource] (executor-thread-0) Header: Bearer abc
]]></system-out>
  </testcase>
  <testcase name="testGetEventEndpoint_whenAValidTokenIsPassed_returnsMockResponse" classname="org.acme.OneLoginResourceTest" time="0.429">
    <system-out><![CDATA[2024-06-09 11:49:00,876 DEBUG [org.acm.res.OneLoginResource] (executor-thread-0) Header: Bearer onelogin-token
]]></system-out>
  </testcase>
</testsuite>